[    0.000000] Initializing cgroup subsys cpuset
[    0.000000] Initializing cgroup subsys cpu
[    0.000000] Initializing cgroup subsys cpuacct
[    0.000000] Linux version 4.4.0-169-generic (buildd@lgw01-amd64-038) (gcc version 5.4.0 20160609 (Ubuntu 5.4.0-6ubuntu1~16.04.12) ) #198-Ubuntu SMP Tue Nov 12 10:38:00 UTC 2019 (Ubuntu 4.4.0-169.198-generic 4.4.197)
[    0.000000] Command line: BOOT_IMAGE=/boot/vmlinuz-4.4.0-169-generic root=UUID=7be769cf-66ed-4576-a506-b6252a552df1 ro console=tty1 console=ttyS0
[    0.000000] KERNEL supported cpus:
[    0.000000]   Intel GenuineIntel
[    0.000000]   AMD AuthenticAMD
[    0.000000]   Centaur CentaurHauls
[    0.000000] x86/fpu: xstate_offset[2]:  576, xstate_sizes[2]:  256
[    0.000000] x86/fpu: Supporting XSAVE feature 0x01: 'x87 floating point registers'
[    0.000000] x86/fpu: Supporting XSAVE feature 0x02: 'SSE registers'
[    0.000000] x86/fpu: Supporting XSAVE feature 0x04: 'AVX registers'
[    0.000000] x86/fpu: Enabled xstate features 0x7, context size is 832 bytes, using 'standard' format.
[    0.000000] e820: BIOS-provided physical RAM map:
[    0.000000] BIOS-e820: [mem 0x0000000000000000-0x000000000009fbff] usable
[    0.000000] BIOS-e820: [mem 0x000000000009fc00-0x000000000009ffff] reserved
[    0.000000] BIOS-e820: [mem 0x00000000000f0000-0x00000000000fffff] reserved
[    0.000000] BIOS-e820: [mem 0x0000000000100000-0x00000000dffeffff] usable
[    0.000000] BIOS-e820: [mem 0x00000000dfff0000-0x00000000dfffffff] ACPI data
[    0.000000] BIOS-e820: [mem 0x00000000fec00000-0x00000000fec00fff] reserved
[    0.000000] BIOS-e820: [mem 0x00000000fee00000-0x00000000fee00fff] reserved
[    0.000000] BIOS-e820: [mem 0x00000000fffc0000-0x00000000ffffffff] reserved
[    0.000000] BIOS-e820: [mem 0x0000000100000000-0x000000011fffffff] usable
[    0.000000] NX (Execute Disable) protection: active
[    0.000000] SMBIOS 2.5 present.
[    0.000000] Hypervisor detected: KVM
[    0.000000] e820: last_pfn = 0x120000 max_arch_pfn = 0x400000000
[    0.000000] MTRR: Disabled
[    0.000000] x86/PAT: MTRRs disabled, skipping PAT initialization too.
[    0.000000] CPU MTRRs all blank - virtualized system.
[    0.000000] x86/PAT: Configuration [0-7]: WB  WT  UC- UC  WB  WT  UC- UC  
[    0.000000] e820: last_pfn = 0xdfff0 max_arch_pfn = 0x400000000
[    0.000000] found SMP MP-table at [mem 0x0009fff0-0x0009ffff] mapped at [ffff88000009fff0]
[    0.000000] Scanning 1 areas for low memory corruption
[    0.000000] RAMDISK: [mem 0x361e0000-0x370e7fff]
[    0.000000] ACPI: Early table checksum verification disabled
[    0.000000] ACPI: RSDP 0x00000000000E0000 000024 (v02 VBOX  )
[    0.000000] ACPI: XSDT 0x00000000DFFF0030 00003C (v01 VBOX   VBOXXSDT 00000001 ASL  00000061)
[    0.000000] ACPI: FACP 0x00000000DFFF00F0 0000F4 (v04 VBOX   VBOXFACP 00000001 ASL  00000061)
[    0.000000] ACPI: DSDT 0x00000000DFFF0470 0022EA (v02 VBOX   VBOXBIOS 00000002 INTL 20100528)
[    0.000000] ACPI: FACS 0x00000000DFFF0200 000040
[    0.000000] ACPI: FACS 0x00000000DFFF0200 000040
[    0.000000] ACPI: APIC 0x00000000DFFF0240 00005C (v02 VBOX   VBOXAPIC 00000001 ASL  00000061)
[    0.000000] ACPI: SSDT 0x00000000DFFF02A0 0001CC (v01 VBOX   VBOXCPUT 00000002 INTL 20100528)
[    0.000000] No NUMA configuration found
[    0.000000] Faking a node at [mem 0x0000000000000000-0x000000011fffffff]
[    0.000000] NODE_DATA(0) allocated [mem 0x11fff7000-0x11fffbfff]
[    0.000000] kvm-clock: Using msrs 4b564d01 and 4b564d00
[    0.000000] kvm-clock: cpu 0, msr 1:1ffef001, primary cpu clock
[    0.000000] kvm-clock: using sched offset of 3427054823 cycles
[    0.000000] clocksource: kvm-clock: mask: 0xffffffffffffffff max_cycles: 0x1cd42e4dffb, max_idle_ns: 881590591483 ns
[    0.000000] Zone ranges:
[    0.000000]   DMA      [mem 0x0000000000001000-0x0000000000ffffff]
[    0.000000]   DMA32    [mem 0x0000000001000000-0x00000000ffffffff]
[    0.000000]   Normal   [mem 0x0000000100000000-0x000000011fffffff]
[    0.000000]   Device   empty
[    0.000000] Movable zone start for each node
[    0.000000] Early memory node ranges
[    0.000000]   node   0: [mem 0x0000000000001000-0x000000000009efff]
[    0.000000]   node   0: [mem 0x0000000000100000-0x00000000dffeffff]
[    0.000000]   node   0: [mem 0x0000000100000000-0x000000011fffffff]
[    0.000000] Initmem setup node 0 [mem 0x0000000000001000-0x000000011fffffff]
[    0.000000] ACPI: PM-Timer IO Port: 0x4008
[    0.000000] IOAPIC[0]: apic_id 2, version 32, address 0xfec00000, GSI 0-23
[    0.000000] ACPI: INT_SRC_OVR (bus 0 bus_irq 0 global_irq 2 dfl dfl)
[    0.000000] ACPI: INT_SRC_OVR (bus 0 bus_irq 9 global_irq 9 low level)
[    0.000000] Using ACPI (MADT) for SMP configuration information
[    0.000000] smpboot: Allowing 2 CPUs, 0 hotplug CPUs
[    0.000000] PM: Registered nosave memory: [mem 0x00000000-0x00000fff]
[    0.000000] PM: Registered nosave memory: [mem 0x0009f000-0x0009ffff]
[    0.000000] PM: Registered nosave memory: [mem 0x000a0000-0x000effff]
[    0.000000] PM: Registered nosave memory: [mem 0x000f0000-0x000fffff]
[    0.000000] PM: Registered nosave memory: [mem 0xdfff0000-0xdfffffff]
[    0.000000] PM: Registered nosave memory: [mem 0xe0000000-0xfebfffff]
[    0.000000] PM: Registered nosave memory: [mem 0xfec00000-0xfec00fff]
[    0.000000] PM: Registered nosave memory: [mem 0xfec01000-0xfedfffff]
[    0.000000] PM: Registered nosave memory: [mem 0xfee00000-0xfee00fff]
[    0.000000] PM: Registered nosave memory: [mem 0xfee01000-0xfffbffff]
[    0.000000] PM: Registered nosave memory: [mem 0xfffc0000-0xffffffff]
[    0.000000] e820: [mem 0xe0000000-0xfebfffff] available for PCI devices
[    0.000000] Booting paravirtualized kernel on KVM
[    0.000000] clocksource: refined-jiffies: mask: 0xffffffff max_cycles: 0xffffffff, max_idle_ns: 7645519600211568 ns
[    0.000000] setup_percpu: NR_CPUS:512 nr_cpumask_bits:512 nr_cpu_ids:2 nr_node_ids:1
[    0.000000] PERCPU: Embedded 33 pages/cpu @ffff88011fc00000 s95448 r8192 d31528 u1048576
[    0.000000] Built 1 zonelists in Node order, mobility grouping on.  Total pages: 1032056
[    0.000000] Policy zone: Normal
[    0.000000] Kernel command line: BOOT_IMAGE=/boot/vmlinuz-4.4.0-169-generic root=UUID=7be769cf-66ed-4576-a506-b6252a552df1 ro console=tty1 console=ttyS0
[    0.000000] PID hash table entries: 4096 (order: 3, 32768 bytes)
[    0.000000] Memory: 4027676K/4193848K available (8623K kernel code, 1336K rwdata, 4036K rodata, 1488K init, 1288K bss, 166172K reserved, 0K cma-reserved)
[    0.000000] SLUB: HWalign=64, Order=0-3, MinObjects=0, CPUs=2, Nodes=1
[    0.000000] Kernel/User page tables isolation: enabled
[    0.000000] Hierarchical RCU implementation.
[    0.000000] 	Build-time adjustment of leaf fanout to 64.
[    0.000000] 	RCU restricting CPUs from NR_CPUS=512 to nr_cpu_ids=2.
[    0.000000] RCU: Adjusting geometry for rcu_fanout_leaf=64, nr_cpu_ids=2
[    0.000000] NR_IRQS:33024 nr_irqs:440 16
[    0.000000] Console: colour VGA+ 80x25
[    0.000000] console [tty1] enabled
[    0.000000] console [ttyS0] enabled
[    0.000000] tsc: Detected 1992.000 MHz processor
[    0.219549] Calibrating delay loop (skipped) preset value.. 3984.00 BogoMIPS (lpj=7968000)
[    0.221585] pid_max: default: 32768 minimum: 301
[    0.222572] ACPI: Core revision 20150930
[    0.225512] ACPI: 2 ACPI AML tables successfully acquired and loaded
[    0.227019] Security Framework initialized
[    0.227997] Yama: becoming mindful.
[    0.228907] AppArmor: AppArmor initialized
[    0.230785] Dentry cache hash table entries: 524288 (order: 10, 4194304 bytes)
[    0.234604] Inode-cache hash table entries: 262144 (order: 9, 2097152 bytes)
[    0.236404] Mount-cache hash table entries: 8192 (order: 4, 65536 bytes)
[    0.237828] Mountpoint-cache hash table entries: 8192 (order: 4, 65536 bytes)
[    0.240168] Initializing cgroup subsys io
[    0.241220] Initializing cgroup subsys memory
[    0.242369] Initializing cgroup subsys devices
[    0.243586] Initializing cgroup subsys freezer
[    0.244675] Initializing cgroup subsys net_cls
[    0.245771] Initializing cgroup subsys perf_event
[    0.246874] Initializing cgroup subsys net_prio
[    0.247888] Initializing cgroup subsys hugetlb
[    0.248901] Initializing cgroup subsys pids
[    0.251126] mce: CPU supports 0 MCE banks
[    0.252315] Last level iTLB entries: 4KB 64, 2MB 8, 4MB 8
[    0.253535] Last level dTLB entries: 4KB 64, 2MB 0, 4MB 0, 1GB 4
[    0.254864] Spectre V1 : Mitigation: usercopy/swapgs barriers and __user pointer sanitization
[    0.256979] Spectre V2 : Mitigation: Full generic retpoline
[    0.258165] Spectre V2 : Spectre v2 / SpectreRSB mitigation: Filling RSB on context switch
[    0.260190] Speculative Store Bypass: Vulnerable
[    0.261330] MDS: Mitigation: Clear CPU buffers
[    0.265185] Freeing SMP alternatives memory: 36K
[    0.272400] ftrace: allocating 32301 entries in 127 pages
[    0.332411] smpboot: APIC(0) Converting physical 0 to logical package 0
[    0.333888] smpboot: Max logical packages: 1
[    0.335160] x2apic enabled
[    0.336130] Switched APIC routing to physical x2apic.
[    0.338480] ..TIMER: vector=0x30 apic1=0 pin1=2 apic2=-1 pin2=-1
[    0.447860] smpboot: CPU0: Intel(R) Core(TM) i7-8550U CPU @ 1.80GHz (family: 0x6, model: 0x8e, stepping: 0xa)
[    0.450220] Performance Events: unsupported p6 CPU model 142 no PMU driver, software events only.
[    0.461066] KVM setup paravirtual spinlock
[    0.462657] x86: Booting SMP configuration:
[    0.463619] .... node  #0, CPUs:      #1
[    0.464710] kvm-clock: cpu 1, msr 1:1ffef041, secondary cpu clock
[    0.466814] mce: CPU supports 0 MCE banks
[    0.469464] x86: Booted up 1 node, 2 CPUs
[    0.470804] smpboot: Total of 2 processors activated (7968.00 BogoMIPS)
[    0.473072] devtmpfs: initialized
[    0.475805] evm: security.selinux
[    0.476620] evm: security.SMACK64
[    0.477939] evm: security.SMACK64EXEC
[    0.478859] evm: security.SMACK64TRANSMUTE
[    0.479746] evm: security.SMACK64MMAP
[    0.480639] evm: security.ima
[    0.481388] evm: security.capability
[    0.482711] clocksource: jiffies: mask: 0xffffffff max_cycles: 0xffffffff, max_idle_ns: 7645041785100000 ns
[    0.484838] futex hash table entries: 512 (order: 3, 32768 bytes)
[    0.486281] pinctrl core: initialized pinctrl subsystem
[    0.487436] RTC time:  9:49:29, date: 12/09/19
[    0.488650] NET: Registered protocol family 16
[    0.500830] cpuidle: using governor ladder
[    0.512865] cpuidle: using governor menu
[    0.515583] PCCT header not found.
[    0.518047] ACPI: bus type PCI registered
[    0.520056] acpiphp: ACPI Hot Plug PCI Controller Driver version: 0.5
[    0.523093] PCI: Using configuration type 1 for base access
[    0.538195] ACPI: Added _OSI(Module Device)
[    0.539506] ACPI: Added _OSI(Processor Device)
[    0.540695] ACPI: Added _OSI(3.0 _SCP Extensions)
[    0.541929] ACPI: Added _OSI(Processor Aggregator Device)
[    0.543829] ACPI: Executed 1 blocks of module-level executable AML code
[    0.547598] ACPI: Interpreter enabled
[    0.548872] ACPI: (supports S0 S5)
[    0.549726] ACPI: Using IOAPIC for interrupt routing
[    0.550955] PCI: Using host bridge windows from ACPI; if necessary, use "pci=nocrs" and report a bug
[    0.556267] ACPI: PCI Root Bridge [PCI0] (domain 0000 [bus 00-ff])
[    0.557504] acpi PNP0A03:00: _OSC: OS supports [ASPM ClockPM Segments MSI]
[    0.559237] acpi PNP0A03:00: _OSC: not requesting OS control; OS requires [ExtendedConfig ASPM ClockPM MSI]
[    0.561232] acpi PNP0A03:00: fail to add MMCONFIG information, can't access extended PCI configuration space under this bridge.
[    0.563904] PCI host bridge to bus 0000:00
[    0.576607] pci_bus 0000:00: root bus resource [io  0x0000-0x0cf7 window]
[    0.578033] pci_bus 0000:00: root bus resource [io  0x0d00-0xffff window]
[    0.579476] pci_bus 0000:00: root bus resource [mem 0x000a0000-0x000bffff window]
[    0.581127] pci_bus 0000:00: root bus resource [mem 0xe0000000-0xfdffffff window]
[    0.582993] pci_bus 0000:00: root bus resource [bus 00-ff]
[    0.585845] pci 0000:00:01.1: legacy IDE quirk: reg 0x10: [io  0x01f0-0x01f7]
[    0.587241] pci 0000:00:01.1: legacy IDE quirk: reg 0x14: [io  0x03f6]
[    0.588558] pci 0000:00:01.1: legacy IDE quirk: reg 0x18: [io  0x0170-0x0177]
[    0.590042] pci 0000:00:01.1: legacy IDE quirk: reg 0x1c: [io  0x0376]
[    0.632039] pci 0000:00:07.0: quirk: [io  0x4000-0x403f] claimed by PIIX4 ACPI
[    0.633723] pci 0000:00:07.0: quirk: [io  0x4100-0x410f] claimed by PIIX4 SMB
[    0.647991] ACPI: PCI Interrupt Link [LNKA] (IRQs 5 9 10 *11)
[    0.650035] ACPI: PCI Interrupt Link [LNKB] (IRQs 5 9 *10 11)
[    0.651840] ACPI: PCI Interrupt Link [LNKC] (IRQs 5 *9 10 11)
[    0.653686] ACPI: PCI Interrupt Link [LNKD] (IRQs 5 9 10 *11)
[    0.655503] ACPI: Enabled 2 GPEs in block 00 to 07
[    0.656896] vgaarb: setting as boot device: PCI:0000:00:02.0
[    0.658085] vgaarb: device added: PCI:0000:00:02.0,decodes=io+mem,owns=io+mem,locks=none
[    0.659938] vgaarb: loaded
[    0.660715] vgaarb: bridge control possible 0000:00:02.0
[    0.662490] SCSI subsystem initialized
[    0.663560] ACPI: bus type USB registered
[    0.664622] usbcore: registered new interface driver usbfs
[    0.665877] usbcore: registered new interface driver hub
[    0.667059] usbcore: registered new device driver usb
[    0.668517] PCI: Using ACPI for IRQ routing
[    0.669763] NetLabel: Initializing
[    0.670577] NetLabel:  domain hash size = 128
[    0.671549] NetLabel:  protocols = UNLABELED CIPSOv4
[    0.672580] NetLabel:  unlabeled traffic allowed by default
[    0.673979] amd_nb: Cannot enumerate AMD northbridges
[    0.675839] clocksource: Switched to clocksource kvm-clock
[    0.683007] AppArmor: AppArmor Filesystem Enabled
[    0.684177] pnp: PnP ACPI init
[    0.685704] pnp: PnP ACPI: found 3 devices
[    0.696180] clocksource: acpi_pm: mask: 0xffffff max_cycles: 0xffffff, max_idle_ns: 2085701024 ns
[    0.698417] NET: Registered protocol family 2
[    0.699523] TCP established hash table entries: 32768 (order: 6, 262144 bytes)
[    0.701297] TCP bind hash table entries: 32768 (order: 7, 524288 bytes)
[    0.703486] TCP: Hash tables configured (established 32768 bind 32768)
[    0.704929] UDP hash table entries: 2048 (order: 4, 65536 bytes)
[    0.706219] UDP-Lite hash table entries: 2048 (order: 4, 65536 bytes)
[    0.707500] NET: Registered protocol family 1
[    0.708496] pci 0000:00:00.0: Limiting direct PCI/PCI transfers
[    0.709690] pci 0000:00:01.0: Activating ISA DMA hang workarounds
[    0.710973] Unpacking initramfs...
[    0.899949] Freeing initrd memory: 15392K
[    0.901108] PCI-DMA: Using software bounce buffering for IO (SWIOTLB)
[    0.902654] software IO TLB: mapped [mem 0xdbff0000-0xdfff0000] (64MB)
[    0.904166] clocksource: tsc: mask: 0xffffffffffffffff max_cycles: 0x396d519840e, max_idle_ns: 881590569543 ns
[    0.906341] platform rtc_cmos: registered platform RTC device (no PNP device found)
[    0.908091] Scanning for low memory corruption every 60 seconds
[    0.910000] audit: initializing netlink subsys (disabled)
[    0.911173] audit: type=2000 audit(1575884975.387:1): initialized
[    0.913061] Initialise system trusted keyring
[    0.914234] HugeTLB registered 2 MB page size, pre-allocated 0 pages
[    0.916744] zbud: loaded
[    0.917799] VFS: Disk quotas dquot_6.6.0
[    0.918762] VFS: Dquot-cache hash table entries: 512 (order 0, 4096 bytes)
[    0.920364] squashfs: version 4.0 (2009/01/31) Phillip Lougher
[    0.921919] fuse init (API version 7.23)
[    0.923063] Key type big_key registered
[    0.924001] Allocating IMA MOK and blacklist keyrings.
[    0.926791] Key type asymmetric registered
[    0.927648] Asymmetric key parser 'x509' registered
[    0.928693] Block layer SCSI generic (bsg) driver version 0.4 loaded (major 249)
[    0.930362] io scheduler noop registered
[    0.931252] io scheduler deadline registered (default)
[    0.932353] io scheduler cfq registered
[    0.933238] pci_hotplug: PCI Hot Plug PCI Core version: 0.5
[    0.934284] pciehp: PCI Express Hot Plug Controller Driver version: 0.4
[    0.935571] ACPI: AC Adapter [AC] (on-line)
[    0.936607] input: Power Button as /devices/LNXSYSTM:00/LNXPWRBN:00/input/input0
[    0.938133] ACPI: Power Button [PWRF]
[    0.938964] input: Sleep Button as /devices/LNXSYSTM:00/LNXSLPBN:00/input/input1
[    0.940583] ACPI: Sleep Button [SLPF]
[    0.941534] GHES: HEST is not enabled!
[    0.942193] ACPI: Battery Slot [BAT0] (battery present)
[    0.943550] Serial: 8250/16550 driver, 32 ports, IRQ sharing enabled
[    0.965295] 00:02: ttyS0 at I/O 0x3f8 (irq = 4, base_baud = 115200) is a 16550A
[    0.969839] Linux agpgart interface v0.103
[    0.972356] loop: module loaded
[    0.973625] scsi host0: ata_piix
[    0.974530] scsi host1: ata_piix
[    0.975351] ata1: PATA max UDMA/33 cmd 0x1f0 ctl 0x3f6 bmdma 0xd000 irq 14
[    0.976700] ata2: PATA max UDMA/33 cmd 0x170 ctl 0x376 bmdma 0xd008 irq 15
[    0.978115] libphy: Fixed MDIO Bus: probed
[    0.979063] tun: Universal TUN/TAP device driver, 1.6
[    0.980143] tun: (C) 1999-2004 Max Krasnyansky <maxk@qualcomm.com>
[    0.981440] PPP generic driver version 2.4.2
[    0.982463] ehci_hcd: USB 2.0 'Enhanced' Host Controller (EHCI) Driver
[    0.983750] ehci-pci: EHCI PCI platform driver
[    0.984931] ehci-platform: EHCI generic platform driver
[    0.986191] ohci_hcd: USB 1.1 'Open' Host Controller (OHCI) Driver
[    0.987452] ohci-pci: OHCI PCI platform driver
[    0.988520] ohci-platform: OHCI generic platform driver
[    0.989609] uhci_hcd: USB Universal Host Controller Interface driver
[    0.990985] i8042: PNP: PS/2 Controller [PNP0303:PS2K,PNP0f03:PS2M] at 0x60,0x64 irq 1,12
[    0.993335] serio: i8042 KBD port at 0x60,0x64 irq 1
[    0.994625] serio: i8042 AUX port at 0x60,0x64 irq 12
[    0.996097] mousedev: PS/2 mouse device common for all mice
[    0.997679] input: AT Translated Set 2 keyboard as /devices/platform/i8042/serio0/input/input2
[    1.000413] rtc_cmos rtc_cmos: rtc core: registered rtc_cmos as rtc0
[    1.001785] rtc_cmos rtc_cmos: alarms up to one day, 114 bytes nvram
[    1.003035] i2c /dev entries driver
[    1.003893] device-mapper: uevent: version 1.0.3
[    1.005046] device-mapper: ioctl: 4.34.0-ioctl (2015-10-28) initialised: dm-devel@redhat.com
[    1.007205] ledtrig-cpu: registered to indicate activity on CPUs
[    1.009152] NET: Registered protocol family 10
[    1.010669] NET: Registered protocol family 17
[    1.011747] Key type dns_resolver registered
[    1.013560] registered taskstats version 1
[    1.014636] Loading compiled-in X.509 certificates
[    1.016202] Loaded X.509 cert 'Build time autogenerated kernel key: ef3203c14e3994470d47ef6a7e15c1ade40f8e1e'
[    1.018578] zswap: loaded using pool lzo/zbud
[    1.021675] Key type trusted registered
[    1.025874] Key type encrypted registered
[    1.026853] AppArmor: AppArmor sha1 policy hashing enabled
[    1.028126] ima: No TPM chip found, activating TPM-bypass!
[    1.029460] ima: Allocated hash algorithm: sha1
[    1.030564] evm: HMAC attrs: 0x1
[    1.031753]   Magic number: 15:453:828
[    1.032885] rtc_cmos rtc_cmos: setting system clock to 2019-12-09 09:49:30 UTC (1575884970)
[    1.034976] BIOS EDD facility v0.16 2004-Jun-25, 0 devices found
[    1.036303] EDD information not available.
[    1.136775] Freeing unused kernel memory: 1488K
[    1.141889] Write protecting the kernel read-only data: 14336k
[    1.147170] Freeing unused kernel memory: 1604K
[    1.150053] Freeing unused kernel memory: 60K
Loading, please wait...
starting version 229
[    1.169715] random: systemd-udevd: uninitialized urandom read (16 bytes read, 3 bits of entropy available)
[    1.170202] random: udevadm: uninitialized urandom read (16 bytes read, 3 bits of entropy available)
[    1.170223] random: udevadm: uninitialized urandom read (16 bytes read, 3 bits of entropy available)
[    1.176855] random: systemd-udevd: uninitialized urandom read (16 bytes read, 3 bits of entropy available)
[    1.178050] random: udevadm: uninitialized urandom read (16 bytes read, 3 bits of entropy available)
[    1.178084] random: udevadm: uninitialized urandom read (16 bytes read, 3 bits of entropy available)
[    1.178216] random: udevadm: uninitialized urandom read (16 bytes read, 3 bits of entropy available)
[    1.178255] random: udevadm: uninitialized urandom read (16 bytes read, 3 bits of entropy available)
[    1.178295] random: udevadm: uninitialized urandom read (16 bytes read, 3 bits of entropy available)
[    1.178335] random: udevadm: uninitialized urandom read (16 bytes read, 3 bits of entropy available)
[    1.215775] e1000: Intel(R) PRO/1000 Network Driver - version 7.3.21-k8-NAPI
[    1.217316] e1000: Copyright (c) 1999-2006 Intel Corporation.
[    1.220654] Fusion MPT base driver 3.04.20
[    1.221616] Copyright (c) 1999-2008 LSI Corporation
[    1.236460] Fusion MPT SPI Host driver 3.04.20
[    1.239153] AVX2 version of gcm_enc/dec engaged.
[    1.240182] AES CTR mode by8 optimization enabled
[    1.435386] input: ImExPS/2 Generic Explorer Mouse as /devices/platform/i8042/serio1/input/input4
[    1.593413] e1000 0000:00:03.0 eth0: (PCI:33MHz:32-bit) 02:6a:5b:40:72:6f
[    1.594675] e1000 0000:00:03.0 eth0: Intel(R) PRO/1000 Network Connection
[    1.596674] mptbase: ioc0: Initiating bringup
[    1.596835] e1000 0000:00:03.0 enp0s3: renamed from eth0
[    1.664450] ioc0: LSI53C1030 A0: Capabilities={Initiator}
[    1.844034] scsi host2: ioc0: LSI53C1030 A0, FwRev=00000000h, Ports=1, MaxQ=256, IRQ=20
[    1.961010] scsi 2:0:0:0: Direct-Access     VBOX     HARDDISK         1.0  PQ: 0 ANSI: 5
[    1.962881] scsi target2:0:0: Beginning Domain Validation
[    1.966407] scsi target2:0:0: Domain Validation skipping write tests
[    1.967672] scsi target2:0:0: Ending Domain Validation
[    1.968934] scsi target2:0:0: asynchronous
[    1.971800] scsi 2:0:1:0: Direct-Access     VBOX     HARDDISK         1.0  PQ: 0 ANSI: 5
[    1.973712] scsi target2:0:1: Beginning Domain Validation
[    1.977579] scsi target2:0:1: Domain Validation skipping write tests
[    1.978961] scsi target2:0:1: Ending Domain Validation
[    1.980216] scsi target2:0:1: asynchronous
[    1.988139] sd 2:0:0:0: Attached scsi generic sg0 type 0
[    1.989331] sd 2:0:0:0: [sda] 20971520 512-byte logical blocks: (10.7 GB/10.0 GiB)
[    1.991451] sd 2:0:1:0: Attached scsi generic sg1 type 0
[    1.992790] sd 2:0:1:0: [sdb] 20480 512-byte logical blocks: (10.5 MB/10.0 MiB)
[    1.994442] sd 2:0:0:0: [sda] Write Protect is off
[    1.995920] sd 2:0:1:0: [sdb] Write Protect is off
[    1.996957] sd 2:0:0:0: [sda] Incomplete mode parameter data
[    1.998055] sd 2:0:0:0: [sda] Assuming drive cache: write through
[    1.999384] sd 2:0:1:0: [sdb] Incomplete mode parameter data
[    2.000574] sd 2:0:1:0: [sdb] Assuming drive cache: write through
[    2.004457]  sda: sda1
[    2.006672] sd 2:0:1:0: [sdb] Attached SCSI disk
[    2.007809] sd 2:0:0:0: [sda] Attached SCSI disk
Begin: Loading essential drivers ... [    3.436822] md: linear personality registered for level -1
[    3.439750] md: multipath personality registered for level -4
[    3.442813] md: raid0 personality registered for level 0
[    3.446488] md: raid1 personality registered for level 1
[    3.516041] raid6: sse2x1   gen() 12445 MB/s
[    3.584368] raid6: sse2x1   xor()  9022 MB/s
[    3.651854] raid6: sse2x2   gen() 14542 MB/s
[    3.721041] raid6: sse2x2   xor() 10814 MB/s
[    3.788335] raid6: sse2x4   gen() 17754 MB/s
[    3.856681] raid6: sse2x4   xor() 10951 MB/s
[    3.924571] raid6: avx2x1   gen() 21436 MB/s
[    3.991885] raid6: avx2x2   gen() 27896 MB/s
[    4.060199] raid6: avx2x4   gen() 30278 MB/s
[    4.061297] raid6: using algorithm avx2x4 gen() 30278 MB/s
[    4.062579] raid6: using avx2x2 recovery algorithm
[    4.065954] xor: automatically using best checksumming function:
[    4.104129]    avx       : 26731.000 MB/sec
[    4.106284] async_tx: api initialized (async)
[    4.116730] md: raid6 personality registered for level 6
[    4.118274] md: raid5 personality registered for level 5
[    4.119361] md: raid4 personality registered for level 4
[    4.126809] md: raid10 personality registered for level 10
done.
Begin: Running /scripts/init-premount ... done.
Begin: Mounting root file system ... Begin: Running /scripts/local-top ... done.
Begin: Running /scripts/local-premount ... [    4.157794] Btrfs loaded
Scanning for Btrfs filesystems
done.
Warning: fsck not present, so skipping root file system
[    4.198833] EXT4-fs (sda1): mounted filesystem with ordered data mode. Opts: (null)
done.
Begin: Running /scripts/local-bottom ... done.
Begin: Running /scripts/init-bottom ... done.
[    4.296425] systemd[1]: systemd 229 running in system mode. (+PAM +AUDIT +SELINUX +IMA +APPARMOR +SMACK +SYSVINIT +UTMP +LIBCRYPTSETUP +GCRYPT +GNUTLS +ACL +XZ -LZ4 +SECCOMP +BLKID +ELFUTILS +KMOD -IDN)
[    4.300043] systemd[1]: Detected virtualization oracle.
[    4.301172] systemd[1]: Detected architecture x86-64.

Welcome to [1mUbuntu 16.04.6 LTS[0m!

[    4.313531] systemd[1]: Set hostname to <ubuntu-xenial>.
[    4.463602] systemd[1]: Reached target User and Group Name Lookups.
[[0;32m  OK  [0m] Reached target User and Group Name Lookups.
[    4.466711] systemd[1]: Reached target Swap.
[[0;32m  OK  [0m] Reached target Swap.
[    4.481490] systemd[1]: Listening on udev Kernel Socket.
[[0;32m  OK  [0m] Listening on udev Kernel Socket.
[    4.492128] systemd[1]: Reached target Encrypted Volumes.
[[0;32m  OK  [0m] Reached target Encrypted Volumes.
[    4.554227] systemd[1]: Started Forward Password Requests to Wall Directory Watch.
[[0;32m  OK  [0m] Started Forward Password Requests to Wall Directory Watch.
[    4.578929] systemd[1]: Started Trigger resolvconf update for networkd DNS.
[[0;32m  OK  [0m] Started Trigger resolvconf update for networkd DNS.
[    4.582731] systemd[1]: Listening on Journal Socket.
[[0;32m  OK  [0m] Listening on Journal Socket.
[    4.584768] systemd[1]: Listening on Journal Audit Socket.
[[0;32m  OK  [0m] Listening on Journal Audit Socket.
[    4.846124] systemd[1]: Set up automount Arbitrary Executable File Formats File System Automount Point.
[[0;32m  OK  [0m] Set up automount Arbitrary Executab...ats File System Automount Point.
[    4.863812] systemd[1]: Listening on LVM2 poll daemon socket.
[[0;32m  OK  [0m] Listening on LVM2 poll daemon socket.
[    4.873919] systemd[1]: Listening on Device-mapper event daemon FIFOs.
[[0;32m  OK  [0m] Listening on Device-mapper event daemon FIFOs.
[    4.882000] systemd[1]: Created slice System Slice.
[[0;32m  OK  [0m] Created slice System Slice.
[    4.896371] systemd[1]: Mounting Huge Pages File System...
         Mounting Huge Pages File System...
[    4.905307] systemd[1]: Created slice system-serial\x2dgetty.slice.
[[0;32m  OK  [0m] Created slice system-serial\x2dgetty.slice.
[    4.912753] systemd[1]: Starting Set console keymap...
         Starting Set console keymap...
[    4.920726] systemd[1]: Starting Uncomplicated firewall...
         Starting Uncomplicated firewall...
[    4.923167] systemd[1]: Created slice system-postgresql.slice.
[[0;32m  OK  [0m] Created slice system-postgresql.slice.
[    4.926277] systemd[1]: Starting Create list of required static device nodes for the current kernel...
         Starting Create list of required st... nodes for the current kernel...
[    4.932127] systemd[1]: Starting Nameserver information manager...
         Starting Nameserver information manager...
[    4.935272] systemd[1]: Mounting Debug File System...
         Mounting Debug File System...
[    4.944391] systemd[1]: Created slice User and Session Slice.
[[0;32m  OK  [0m] Created slice User and Session Slice.
[    4.947063] systemd[1]: Listening on udev Control Socket.
[[0;32m  OK  [0m] Listening on udev Control Socket.
[    4.956337] systemd[1]: Listening on Journal Socket (/dev/log).
[[0;32m  OK  [0m] Listening on Journal Socket (/dev/log).
[    4.958358] systemd[1]: Listening on Syslog Socket.
[[0;32m  OK  [0m] Listening on Syslog Socket.
[    4.980554] systemd[1]: Starting Journal Service...
         Starting Journal Service...
[    4.983740] systemd[1]: Reached target System Time Synchronized.
[[0;32m  OK  [0m] Reached target System Time Synchronized.
[    4.992468] systemd[1]: Reached target Slices.
[[0;32m  OK  [0m] Reached target Slices.
[    5.001174] systemd[1]: Listening on /dev/initctl Compatibility Named Pipe.
[[0;32m  OK  [0m] Listening on /dev/initctl Compatibility Named Pipe.
[    5.004152] systemd[1]: Mounting POSIX Message Queue File System...
         Mounting POSIX Message Queue File System...
[    5.013310] systemd[1]: Starting Remount Root and Kernel File Systems...
         Starting Remount Root and Kernel File Systems...
[    5.016138] systemd[1]: Listening on LVM2 metadata daemon socket.
[    5.017619] EXT4-fs (sda1): re-mounted. Opts: (null)
[[0;32m  OK  [0m] Listening on LVM2 metadata daemon socket.
[    5.019535] systemd[1]: Starting Monitoring of LVM2 mirrors, snapshots etc. using dmeventd or progress polling...
         Starting Monitoring of LVM2 mirrors... dmeventd or progress polling...
[    5.036808] systemd[1]: Starting Load Kernel Modules...
         Starting Load Kernel Modules...
[    5.040082] systemd[1]: Mounted Huge Pages File System.
[[0;32m  OK  [0m] Mounted Huge Pages File System.
[    5.042344] systemd[1]: Mounted POSIX Message Queue File System.
[[0;32m  OK  [0m] Mounted POSIX Message Queue File System.
[    5.044964] systemd[1]: Mounted Debug File System.
[    5.046416] Loading iSCSI transport class v2.0-870.
[[0;32m  OK  [0m] Mounted Debug File System.
[    5.048130] systemd[1]: Started Journal Service.
[[0;32m  OK  [0m] Started Journal Service.
[    5.056204] iscsi: registered transport (tcp)
[[0;32m  OK  [0m] Started Set console keymap.
[[0;32m  OK  [0m] Started Uncomplicated firewall.
[[0;32m  OK  [0m] Started Create list of required sta...ce nodes for the current kernel.
[[0;32m  OK  [0m] Started Remount Root and Kernel File Systems.
[[0;32m  OK  [0m] Started Nameserver information manager.
[    5.081668] iscsi: registered transport (iser)
[[0;32m  OK  [0m] Started Load Kernel Modules.
[[0;32m  OK  [0m] Started LVM2 metadata daemon.
         Starting Apply Kernel Variables...
         Mounting FUSE Control File System...
         Starting udev Coldplug all Devices...
         Starting Load/Save Random Seed...
         Starting Create Static Device Nodes in /dev...
         Starting Flush Journal to Persistent Storage...
[[0;32m  OK  [0m] Mounted FUSE Control File System.
[[0;32m  OK  [0m] Started Apply Kernel Variables.
[[0;32m  OK  [0m] Started Load/Save Random Seed.
[[0;32m  OK  [0m] Started Create Static Device Nodes in /dev.
[[0;32m  OK  [0m] Started Flush Journal to Persistent Storage.
[[0;32m  OK  [0m] Started udev Coldplug all Devices.
         Starting udev Kernel Device Manager...
[[0;32m  OK  [0m] Started udev Kernel Device Manager.
[[0;32m  OK  [0m] Started Dispatch Password Requests to Console Directory Watch.
[[0;32m  OK  [0m] Found device /dev/ttyS0.
[[0;32m  OK  [0m] Listening on Load/Save RF Kill Switch Status /dev/rfkill Watch.
[[0;32m  OK  [0m] Found device 82540EM Gigabit Ethern...r (PRO/1000 MT Desktop Adapter).
[[0;32m  OK  [0m] Started Monitoring of LVM2 mirrors,...ng dmeventd or progress polling.
[[0;32m  OK  [0m] Reached target Local File Systems (Pre).
[[0;32m  OK  [0m] Reached target Local File Systems.
         Starting LSB: AppArmor initialization...
         Starting Set console font and keymap...
         Starting Tell Plymouth To Write Out Runtime Data...
         Starting Create Volatile Files and Directories...
         Starting Initial cloud-init job (pre-networking)...
[[0;32m  OK  [0m] Started Create Volatile Files and Directories.
[[0;32m  OK  [0m] Started Tell Plymouth To Write Out Runtime Data.
[[0;32m  OK  [0m] Started LSB: AppArmor initialization.
         Starting Update UTMP about System Boot/Shutdown...
[[0;32m  OK  [0m] Started Update UTMP about System Boot/Shutdown.
[[0;32m  OK  [0m] Started Set console font and keymap.
[[0;32m  OK  [0m] Created slice system-getty.slice.
[    6.892967] cloud-init[642]: Cloud-init v. 19.2-36-g059d049c-0ubuntu2~16.04.1 running 'init-local' at Mon, 09 Dec 2019 09:49:36 +0000. Up 6.58 seconds.
[[0;32m  OK  [0m] Started Initial cloud-init job (pre-networking).
[[0;32m  OK  [0m] Reached target Network (Pre).
[[0;32m  OK  [0m] Started ifup for enp0s3.
         Starting Raise network interfaces...
[[0;32m  OK  [0m] Started Raise network interfaces.
         Starting Initial cloud-init job (metadata service crawler)...
[[0;32m  OK  [0m] Reached target Network.
[    7.723783] cloud-init[977]: Cloud-init v. 19.2-36-g059d049c-0ubuntu2~16.04.1 running 'init' at Mon, 09 Dec 2019 09:49:37 +0000. Up 7.43 seconds.
[    7.732657] cloud-init[977]: ci-info: ++++++++++++++++++++++++++++++++++++++Net device info++++++++++++++++++++++++++++++++++++++
[    7.740486] cloud-init[977]: ci-info: +--------+------+----------------------------+---------------+--------+-------------------+
[    7.748770] cloud-init[977]: ci-info: | Device |  Up  |          Address           |      Mask     | Scope  |     Hw-Address    |
[    7.756454] cloud-init[977]: ci-info: +--------+------+----------------------------+---------------+--------+-------------------+
[    7.764644] cloud-init[977]: ci-info: | enp0s3 | True |         10.0.2.15          | 255.255.255.0 | global | 02:6a:5b:40:72:6f |
[[0;32m  OK  [0m] Started Initial cloud-init job (metadata service crawler).
[[0;32m  OK  [0m] Reached target System Initialization.
[    7.775645] cloud-init[977]: ci-info: | enp0s3 | True | fe80::6a:5bff:fe40:726f/64 |       .       |  link  | 02:6a:5b:40:72:6f |
[    7.787038] cloud-init[977]: ci-info: |   lo   | True |         127.0.0.1          |   255.0.0.0   |  host  |         .         |
[    7.788535] [[0;32m  OK  [0m] Started Message of the Day.
cloud-init[977]: ci-info: |   lo   | True |          ::1/128           |       .       |  host  |         .         |
[    7.796365] [cloud-init[0;32m  OK  [0m[977]: ] ci-info: +--------+------+----------------------------+---------------+--------+-------------------+Listening on UUID daemon activation socket.

[    7.797949] [cloud-init[0;32m  OK  [0m[977]: ] ci-info: +++++++++++++++++++++++++++Route IPv4 info++++++++++++++++++++++++++++Listening on ACPID Listen Socket.

[[0;32m  OK  [0m] Started Daily apt download activities.
[    7.798410] cloud-init[977]: ci-info: +-------+-------------+----------+---------------+-----------+-------+
[[0;32m  OK  [0m] Started Daily apt upgrade and clean activities.
[    7.805792] cloud-init[977]: ci-info: | Route | Destination | Gateway  |    Genmask    | Interface | Flags |
[    7.812773] [[0;32m  OK  [0m] Started ACPI Events Check.
[[0;32m  OK  [0m] Reached target Paths.
[[0;32m  OK  [0m] cloud-initStarted Daily Cleanup of Temporary Directories.[977]: 
ci-info: +-------+-------------+----------+---------------+-----------+-------+
[    7.821396] [cloud-init[0;32m  OK  [0m[977]: ] ci-info: |   0   |   0.0.0.0   | 10.0.2.2 |    0.0.0.0    |   enp0s3  |   UG  |Reached target Timers.

[    7.822766]          cloud-initStarting LXD - unix socket.[977]: 
ci-info: |   1   |   10.0.2.0  | 0.0.0.0  | 255.255.255.0 |   enp0s3  |   U   |
[    7.824264] [cloud-init[0;32m  OK  [0m[977]: ] ci-info: +-------+-------------+----------+---------------+-----------+-------+Listening on D-Bus System Message Bus Socket.

         Starting Socket activation for snappy daemon.
[[0;32m  OK  [0m] Reached target Network is Online.
[    7.824833] cloud-init[977]: ci-info: +++++++++++++++++++Route IPv6 info+++++++++++++++++++
[    7.828162] cloud-init[977]: ci-info: +-------+-------------+---------+-----------+-------+
[    7.829408] cloud-init[977]: ci-info: | Route | Destination | Gateway | Interface | Flags |
[    7.830910] cloud-init[977]: ci-info: +-------+-------------+---------+-----------+-------+
[    7.832128] cloud-init[977]: ci-info: |   0   |  fe80::/64  |    ::   |   enp0s3  |   U   |
[    7.833388] cloud-init[977]: ci-info: |   3   |   ff00::/8  |    ::   |   enp0s3  |   U   |
[    7.834642] cloud-init[977]: ci-info: +-------+-------------+---------+-----------+-------+
         Starting iSCSI initiator daemon (iscsid)...
[[0;32m  OK  [0m] Reached target Cloud-config availability.
[[0;32m  OK  [0m] Listening on LXD - unix socket.
[[0;32m  OK  [0m] Listening on Socket activation for snappy daemon.
[[0;32m  OK  [0m] Started iSCSI initiator daemon (iscsid).
         Starting Login to default iSCSI targets...
[[0;32m  OK  [0m] Reached target Sockets.
[[0;32m  OK  [0m] Reached target Basic System.
         Starting System Logging Service...
[[0;32m  OK  [0m] Started D-Bus System Message Bus.
[[0;32m  OK  [0m] Started Deferred execution scheduler.
         Starting Snappy daemon...
         Starting Login Service...
         Starting Message of the Day...
[[0;32m  OK  [0m] Started FUSE filesystem for LXC.
         Starting Virtualbox guest utils...
         Starting LXD - container startup/shutdown...
         Starting PostgreSQL Cluster 9.5-main...
         Starting LSB: MD monitoring daemon...
         Starting Accounts Service...
         Starting /etc/rc.local Compatibility...
[[0;32m  OK  [0m] Started ACPI event daemon.
[[0;32m  OK  [0m] Started Regular background program processing daemon.
         Starting LSB: Record successful boot for GRUB...
         Starting OpenBSD Secure Shell server...
[[0;32m  OK  [0m] Started System Logging Service.
[[0;32m  OK  [0m] Started /etc/rc.local Compatibility.
[[0;32m  OK  [0m] Started LSB: Record successful boot for GRUB.
[[0;32m  OK  [0m] Started Login to default iSCSI targets.
[[0;32m  OK  [0m] Started OpenBSD Secure Shell server.
[[0;32m  OK  [0m] Started Login Service.
[[0;32m  OK  [0m] Started Unattended Upgrades Shutdown.
         Starting Authenticate and Authorize Users to Run Privileged Tasks...
[[0;32m  OK  [0m] Reached target Remote File Systems (Pre).
[[0;32m  OK  [0m] Reached target Remote File Systems.
         Starting LSB: automatic crash report generation...
         Starting LSB: Apache2 web server...
         Starting LSB: daemon to balance interrupts for SMP systems...
         Starting Permit User Sessions...
         Starting LSB: Start Tomcat....
         Starting LSB: Set the CPU Frequency Scaling governor to "ondemand"...
         Starting LSB: Start/stop sysstat's sadc...
[[0;32m  OK  [0m] Started LSB: MD monitoring daemon.
[[0;32m  OK  [0m] Started Permit User Sessions.
[[0;32m  OK  [0m] Started Authenticate and Authorize Users to Run Privileged Tasks.
[[0;32m  OK  [0m] Started LXD - container startup/shutdown.
[[0;32m  OK  [0m] Started Accounts Service.
[[0;32m  OK  [0m] Started Virtualbox guest utils.
[[0;32m  OK  [0m] Started LSB: Start/stop sysstat's sadc.
         Starting Terminate Plymouth Boot Screen...
         Starting Hold until boot process finishes up...
[[0;32m  OK  [0m] Started LSB: Set the CPU Frequency Scaling governor to "ondemand".
[[0;32m  OK  [0m] Started Terminate Plymouth Boot Screen.
[[0;32m  OK  [0m] Started Hold until boot process finishes up.
[[0;32m  OK  [0m] Started Serial Getty on ttyS0.
[[0;32m  OK  [0m] Started Getty on tty1.
[[0;32m  OK  [0m] Reached target Login Prompts.
         Starting Set console scheme...
[[0;32m  OK  [0m] Started Snappy daemon.
[[0;32m  OK  [0m] Started LSB: automatic crash report generation.
[[0;32m  OK  [0m] Started LSB: daemon to balance interrupts for SMP systems.
[[0;32m  OK  [0m] Started Set console scheme.
         Starting Wait until snapd is fully seeded...
[[0;32m  OK  [0m] Started Wait until snapd is fully seeded.
         Starting Apply the settings specified in cloud-config...
[    9.754745] cloud-init[1308]: Cloud-init v. 19.2-36-g059d049c-0ubuntu2~16.04.1 running 'modules:config' at Mon, 09 Dec 2019 09:49:39 +0000. Up 9.58 seconds.
[[0;32m  OK  [0m] Started Apply the settings specified in cloud-config.
[[0;32m  OK  [0m] Started LSB: Apache2 web server.
[[0;32m  OK  [0m] Started PostgreSQL Cluster 9.5-main.
         Starting PostgreSQL RDBMS...
[[0;32m  OK  [0m] Started PostgreSQL RDBMS.
[[0;32m  OK  [0m] Created slice User Slice of vagrant.
         Starting User Manager for UID 1000...
[[0;32m  OK  [0m] Started Session 1 of user vagrant.
[[0;32m  OK  [0m] Started User Manager for UID 1000.
[   14.054580] cloud-init[1470]: Cloud-init v. 19.2-36-g059d049c-0ubuntu2~16.04.1 running 'modules:final' at Mon, 09 Dec 2019 09:49:43 +0000. Up 13.91 seconds.
[   14.054763] cloud-init[1470]: Cloud-init v. 19.2-36-g059d049c-0ubuntu2~16.04.1 finished at Mon, 09 Dec 2019 09:49:43 +0000. Datasource DataSourceNoCloud [seed=/dev/sdb][dsmode=net].  Up 14.04 seconds

Ubuntu 16.04.6 LTS ubuntu-xenial ttyS0

ubuntu-xenial login: 